{"level":"info","message":"Created new miner, id:eeabda02-ac53-4700-8dbc-5c117d6d56cf","label":".build/server.js","timestamp":"2018-04-25T11:53:41.065Z"}
{"level":"info","message":"Wed Apr 25 2018 14:53:45 GMT+0300 (EEST) Stoping miner with pid ","label":".build/server.js","timestamp":"2018-04-25T11:53:45.118Z"}
{"level":"error","message":"Wed Apr 25 2018 14:53:45 GMT+0300 (EEST) Alarm cards is down! ,00000000:01:00.0,37W 38W W W ,0% 0% % % ,00000000:02:00.0,59W 65W W W ,0% 0% % % ","label":".build/server.js","timestamp":"2018-04-25T11:53:45.117Z"}
{"level":"info","message":"Wed Apr 25 2018 14:53:45 GMT+0300 (EEST) Miner runed with pid: 32145","label":".build/server.js","timestamp":"2018-04-25T11:53:45.342Z"}
{"level":"error","message":"Wed Apr 25 2018 15:03:11 GMT+0300 (EEST) Alarm cards is down! ,00000000:01:00.0,41W 43W 132W 130W 130,0% 0% 100% 100% 100,00000000:02:00.0,66W 75W 241W 242W 243,0% 0% 95% 98% 100","label":".build/server.js","timestamp":"2018-04-25T12:03:11.418Z"}
{"level":"info","message":"Wed Apr 25 2018 15:03:11 GMT+0300 (EEST) Stoping miner with pid 32145","label":".build/server.js","timestamp":"2018-04-25T12:03:11.418Z"}
{"level":"info","message":"Wed Apr 25 2018 15:03:11 GMT+0300 (EEST) Miner runed with pid: 841","label":".build/server.js","timestamp":"2018-04-25T12:03:11.642Z"}
{"level":"error","message":"Wed Apr 25 2018 15:56:55 GMT+0300 (EEST) Alarm cards is down! ,00000000:01:00.0,41W 41W 48W 129W 127,0% 0% 0% 100% 100,00000000:02:00.0,66W 66W 83W 227W 242,0% 0% 0% 100% 100","label":".build/server.js","timestamp":"2018-04-25T12:56:55.866Z"}
{"level":"info","message":"Wed Apr 25 2018 15:56:55 GMT+0300 (EEST) Stoping miner with pid 841","label":".build/server.js","timestamp":"2018-04-25T12:56:55.867Z"}
{"level":"info","message":"Wed Apr 25 2018 15:56:56 GMT+0300 (EEST) Miner runed with pid: 7406","label":".build/server.js","timestamp":"2018-04-25T12:56:56.093Z"}
{"level":"error","message":"Wed Apr 25 2018 16:47:20 GMT+0300 (EEST) Alarm cards is down! ,00000000:01:00.0,41W 43W 43W 131W 126,0% 0% 0% 100% 100,00000000:02:00.0,66W 75W 77W 241W 240,0% 0% 100% 93% 99","label":".build/server.js","timestamp":"2018-04-25T13:47:20.979Z"}
{"level":"info","message":"Wed Apr 25 2018 16:47:20 GMT+0300 (EEST) Stoping miner with pid 7406","label":".build/server.js","timestamp":"2018-04-25T13:47:20.979Z"}
{"level":"info","message":"Wed Apr 25 2018 16:47:21 GMT+0300 (EEST) Miner runed with pid: 13455","label":".build/server.js","timestamp":"2018-04-25T13:47:21.202Z"}
{"level":"error","message":"Wed Apr 25 2018 16:58:01 GMT+0300 (EEST) Alarm cards is down! ,00000000:01:00.0,40W 41W 56W 132W 130,0% 0% 0% 100% 100,00000000:02:00.0,65W 66W 75W 239W 234,0% 0% 0% 100% 100","label":".build/server.js","timestamp":"2018-04-25T13:58:01.224Z"}
{"level":"info","message":"Wed Apr 25 2018 16:58:01 GMT+0300 (EEST) Stoping miner with pid 13455","label":".build/server.js","timestamp":"2018-04-25T13:58:01.225Z"}
{"level":"info","message":"Wed Apr 25 2018 16:58:01 GMT+0300 (EEST) Miner runed with pid: 14809","label":".build/server.js","timestamp":"2018-04-25T13:58:01.448Z"}
{"level":"error","message":"Wed Apr 25 2018 17:05:22 GMT+0300 (EEST) Alarm cards is down! ,00000000:01:00.0,40W 41W 43W 132W 127,0% 0% 0% 100% 100,00000000:02:00.0,65W 66W 78W 235W 229,0% 0% 0% 100% 100","label":".build/server.js","timestamp":"2018-04-25T14:05:22.882Z"}
{"level":"info","message":"Wed Apr 25 2018 17:05:22 GMT+0300 (EEST) Stoping miner with pid 14809","label":".build/server.js","timestamp":"2018-04-25T14:05:22.882Z"}
{"level":"info","message":"Wed Apr 25 2018 17:05:23 GMT+0300 (EEST) Miner runed with pid: 15765","label":".build/server.js","timestamp":"2018-04-25T14:05:23.105Z"}
{"level":"error","message":"Wed Apr 25 2018 17:31:25 GMT+0300 (EEST) Alarm cards is down! ,00000000:01:00.0,40W 41W 47W 125W 126,0% 0% 0% 100% 100,00000000:02:00.0,65W 66W 84W 241W 167,0% 0% 0% 99% 98","label":".build/server.js","timestamp":"2018-04-25T14:31:25.590Z"}
{"level":"info","message":"Wed Apr 25 2018 17:31:25 GMT+0300 (EEST) Stoping miner with pid 15765","label":".build/server.js","timestamp":"2018-04-25T14:31:25.591Z"}
{"level":"info","message":"Wed Apr 25 2018 17:31:25 GMT+0300 (EEST) Miner runed with pid: 18963","label":".build/server.js","timestamp":"2018-04-25T14:31:25.813Z"}
{"level":"error","message":"Wed Apr 25 2018 18:01:11 GMT+0300 (EEST) Alarm cards is down! ,00000000:01:00.0,41W 43W 130W 80W 123,0% 0% 100% 100% 100,00000000:02:00.0,66W 83W 241W 246W 197,0% 0% 100% 100% 99","label":".build/server.js","timestamp":"2018-04-25T15:01:11.763Z"}
{"level":"info","message":"Wed Apr 25 2018 18:01:11 GMT+0300 (EEST) Stoping miner with pid 18963","label":".build/server.js","timestamp":"2018-04-25T15:01:11.763Z"}
{"level":"info","message":"Wed Apr 25 2018 18:01:11 GMT+0300 (EEST) Miner runed with pid: 22596","label":".build/server.js","timestamp":"2018-04-25T15:01:11.986Z"}
{"level":"error","message":"Wed Apr 25 2018 18:05:02 GMT+0300 (EEST) Alarm cards is down! ,00000000:01:00.0,40W 41W 43W 131W 130,0% 0% 0% 100% 100,00000000:02:00.0,65W 66W 83W 240W 242,0% 0% 0% 100% 98","label":".build/server.js","timestamp":"2018-04-25T15:05:02.751Z"}
{"level":"info","message":"Wed Apr 25 2018 18:05:02 GMT+0300 (EEST) Stoping miner with pid 22596","label":".build/server.js","timestamp":"2018-04-25T15:05:02.751Z"}
{"level":"info","message":"Wed Apr 25 2018 18:05:02 GMT+0300 (EEST) Miner runed with pid: 23136","label":".build/server.js","timestamp":"2018-04-25T15:05:02.975Z"}
{"level":"error","message":"Wed Apr 25 2018 18:22:15 GMT+0300 (EEST) Alarm cards is down! ,00000000:01:00.0,40W 40W 44W 92W 128,0% 0% 0% 100% 100,00000000:02:00.0,65W 66W 75W 241W 225,0% 0% 0% 100% 97","label":".build/server.js","timestamp":"2018-04-25T15:22:15.377Z"}
{"level":"info","message":"Wed Apr 25 2018 18:22:15 GMT+0300 (EEST) Stoping miner with pid 23136","label":".build/server.js","timestamp":"2018-04-25T15:22:15.377Z"}
{"level":"info","message":"Wed Apr 25 2018 18:22:15 GMT+0300 (EEST) Miner runed with pid: 25219","label":".build/server.js","timestamp":"2018-04-25T15:22:15.598Z"}
{"level":"error","message":"Wed Apr 25 2018 18:37:26 GMT+0300 (EEST) Alarm cards is down! ,00000000:01:00.0,40W 40W 47W 131W 130,0% 0% 0% 100% 100,00000000:02:00.0,65W 66W 74W 242W 244,0% 0% 0% 100% 100","label":".build/server.js","timestamp":"2018-04-25T15:37:26.319Z"}
{"level":"info","message":"Wed Apr 25 2018 18:37:26 GMT+0300 (EEST) Stoping miner with pid 25219","label":".build/server.js","timestamp":"2018-04-25T15:37:26.319Z"}
{"level":"info","message":"Wed Apr 25 2018 18:37:26 GMT+0300 (EEST) Miner runed with pid: 27108","label":".build/server.js","timestamp":"2018-04-25T15:37:26.539Z"}
{"level":"error","message":"Wed Apr 25 2018 18:44:43 GMT+0300 (EEST) Alarm cards is down! ,00000000:01:00.0,40W 40W 46W 131W 125,0% 0% 0% 100% 100,00000000:02:00.0,65W 66W 83W 221W 244,0% 0% 0% 100% 100","label":".build/server.js","timestamp":"2018-04-25T15:44:43.754Z"}
{"level":"info","message":"Wed Apr 25 2018 18:44:43 GMT+0300 (EEST) Stoping miner with pid 27108","label":".build/server.js","timestamp":"2018-04-25T15:44:43.755Z"}
{"level":"info","message":"Wed Apr 25 2018 18:44:43 GMT+0300 (EEST) Miner runed with pid: 28061","label":".build/server.js","timestamp":"2018-04-25T15:44:43.980Z"}
{"level":"error","message":"Wed Apr 25 2018 18:46:16 GMT+0300 (EEST) Alarm cards is down! ,00000000:01:00.0,40W 40W 47W 94W 128,0% 0% 0% 100% 100,00000000:02:00.0,64W 65W 74W 242W 246,0% 0% 0% 98% 90","label":".build/server.js","timestamp":"2018-04-25T15:46:16.860Z"}
{"level":"info","message":"Wed Apr 25 2018 18:46:16 GMT+0300 (EEST) Stoping miner with pid 28061","label":".build/server.js","timestamp":"2018-04-25T15:46:16.860Z"}
{"level":"info","message":"Wed Apr 25 2018 18:46:17 GMT+0300 (EEST) Miner runed with pid: 28327","label":".build/server.js","timestamp":"2018-04-25T15:46:17.082Z"}
{"level":"error","message":"Wed Apr 25 2018 18:52:29 GMT+0300 (EEST) Alarm cards is down! ,00000000:01:00.0,40W 40W 47W 129W 126,0% 0% 0% 100% 100,00000000:02:00.0,66W 66W 83W 243W 236,0% 0% 0% 100% 100","label":".build/server.js","timestamp":"2018-04-25T15:52:29.431Z"}
{"level":"info","message":"Wed Apr 25 2018 18:52:29 GMT+0300 (EEST) Stoping miner with pid 28327","label":".build/server.js","timestamp":"2018-04-25T15:52:29.431Z"}
{"level":"info","message":"Wed Apr 25 2018 18:52:29 GMT+0300 (EEST) Miner runed with pid: 29110","label":".build/server.js","timestamp":"2018-04-25T15:52:29.656Z"}
{"level":"error","message":"Wed Apr 25 2018 19:12:16 GMT+0300 (EEST) Alarm cards is down! ,00000000:01:00.0,40W 41W 56W 130W 129,0% 0% 0% 100% 100,00000000:02:00.0,65W 66W 83W 243W 226,0% 0% 0% 100% 98","label":".build/server.js","timestamp":"2018-04-25T16:12:16.555Z"}
{"level":"info","message":"Wed Apr 25 2018 19:12:16 GMT+0300 (EEST) Stoping miner with pid 29110","label":".build/server.js","timestamp":"2018-04-25T16:12:16.556Z"}
{"level":"info","message":"Wed Apr 25 2018 19:12:16 GMT+0300 (EEST) Miner runed with pid: 31548","label":".build/server.js","timestamp":"2018-04-25T16:12:16.778Z"}
{"level":"error","message":"Wed Apr 25 2018 21:39:23 GMT+0300 (EEST) Alarm cards is down! ,00000000:01:00.0,40W 43W 45W 132W 131,0% 0% 100% 100% 100,00000000:02:00.0,65W 82W 107W 233W 223,0% 0% 100% 100% 100","label":".build/server.js","timestamp":"2018-04-25T18:39:23.671Z"}
{"level":"info","message":"Wed Apr 25 2018 21:39:23 GMT+0300 (EEST) Stoping miner with pid 31548","label":".build/server.js","timestamp":"2018-04-25T18:39:23.672Z"}
{"level":"info","message":"Wed Apr 25 2018 21:39:23 GMT+0300 (EEST) Miner runed with pid: 16898","label":".build/server.js","timestamp":"2018-04-25T18:39:23.896Z"}
{"level":"error","message":"Thu Apr 26 2018 00:32:10 GMT+0300 (EEST) Alarm cards is down! ,00000000:01:00.0,40W 43W 130W 131W 126,0% 0% 99% 100% 100,00000000:02:00.0,65W 83W 225W 245W 242,0% 0% 100% 100% 100","label":".build/server.js","timestamp":"2018-04-25T21:32:10.280Z"}
{"level":"info","message":"Thu Apr 26 2018 00:32:10 GMT+0300 (EEST) Stoping miner with pid 16898","label":".build/server.js","timestamp":"2018-04-25T21:32:10.281Z"}
{"level":"info","message":"Thu Apr 26 2018 00:32:10 GMT+0300 (EEST) Miner runed with pid: 5256","label":".build/server.js","timestamp":"2018-04-25T21:32:10.506Z"}
{"level":"error","message":"Thu Apr 26 2018 00:38:02 GMT+0300 (EEST) Alarm cards is down! ,00000000:01:00.0,40W 40W 47W 126W 129,0% 0% 0% 100% 100,00000000:02:00.0,65W 66W 75W 214W 255,0% 0% 0% 97% 100","label":".build/server.js","timestamp":"2018-04-25T21:38:02.875Z"}
{"level":"info","message":"Thu Apr 26 2018 00:38:02 GMT+0300 (EEST) Stoping miner with pid 5256","label":".build/server.js","timestamp":"2018-04-25T21:38:02.876Z"}
{"level":"info","message":"Thu Apr 26 2018 00:38:03 GMT+0300 (EEST) Miner runed with pid: 6040","label":".build/server.js","timestamp":"2018-04-25T21:38:03.098Z"}
{"level":"error","message":"Thu Apr 26 2018 01:19:42 GMT+0300 (EEST) Alarm cards is down! ,00000000:01:00.0,43W 43W 129W 130W 131,0% 0% 100% 100% 100,00000000:02:00.0,74W 75W 233W 241W 241,0% 0% 99% 100% 100","label":".build/server.js","timestamp":"2018-04-25T22:19:42.659Z"}
{"level":"info","message":"Thu Apr 26 2018 01:19:42 GMT+0300 (EEST) Stoping miner with pid 6040","label":".build/server.js","timestamp":"2018-04-25T22:19:42.660Z"}
{"level":"info","message":"Thu Apr 26 2018 01:19:42 GMT+0300 (EEST) Miner runed with pid: 11741","label":".build/server.js","timestamp":"2018-04-25T22:19:42.878Z"}
{"level":"error","message":"Thu Apr 26 2018 06:18:43 GMT+0300 (EEST) Alarm cards is down! ,00000000:01:00.0,40W 40W 42W 130W 131,0% 0% 0% 100% 100,00000000:02:00.0,65W 65W 80W 246W 240,0% 0% 0% 98% 90","label":".build/server.js","timestamp":"2018-04-26T03:18:43.303Z"}
{"level":"info","message":"Thu Apr 26 2018 06:18:43 GMT+0300 (EEST) Stoping miner with pid 11741","label":".build/server.js","timestamp":"2018-04-26T03:18:43.303Z"}
{"level":"info","message":"Thu Apr 26 2018 06:18:43 GMT+0300 (EEST) Miner runed with pid: 15177","label":".build/server.js","timestamp":"2018-04-26T03:18:43.525Z"}
{"level":"error","message":"Thu Apr 26 2018 09:49:33 GMT+0300 (EEST) Alarm cards is down! ,00000000:01:00.0,40W 47W 131W 129W 127,0% 0% 100% 100% 100,00000000:02:00.0,65W 83W 227W 234W 243,0% 0% 100% 100% 98","label":".build/server.js","timestamp":"2018-04-26T06:49:33.387Z"}
{"level":"info","message":"Thu Apr 26 2018 09:49:33 GMT+0300 (EEST) Stoping miner with pid 15177","label":".build/server.js","timestamp":"2018-04-26T06:49:33.387Z"}
{"level":"info","message":"Thu Apr 26 2018 09:49:33 GMT+0300 (EEST) Miner runed with pid: 8484","label":".build/server.js","timestamp":"2018-04-26T06:49:33.608Z"}
